<?xml version="1.0" encoding="UTF-8"?>
<!-- Generated by org.testng.reporters.JUnitXMLReporter -->
<testsuite ignored="2" hostname="DESKTOP-CMRER5T" failures="0" tests="1" name="Surefire test" time="9.279" errors="0" timestamp="2023-09-02T09:46:52 EET">
  <testcase classname="tests.UserRegistrationTest" name="UserCanRegisterSucess" time="8.956"/>
  <testcase classname="tests.TestBase" name="@BeforeSuite startdriver" time="0.0">
    <ignored/>
  </testcase> <!-- @BeforeSuite startdriver -->
  <testcase classname="tests.TestBase" name="@AfterSuite stopdriver" time="0.0">
    <ignored/>
  </testcase> <!-- @AfterSuite stopdriver -->
</testsuite> <!-- Surefire test -->
