<?xml version="1.0" encoding="UTF-8"?>
<!-- Generated by org.testng.reporters.JUnitXMLReporter -->
<testsuite ignored="0" hostname="DESKTOP-CMRER5T" failures="0" tests="5" name="Default test" time="30.277" errors="0" timestamp="2023-09-09T18:38:01 EET">
  <testcase classname="tests.AddProductToCompareTest" name="UserCanSearchAuto1" time="11.42"/>
  <testcase classname="tests.AddProductToCompareTest" name="UserCanAddToCompare1" time="2.865"/>
  <testcase classname="tests.AddProductToCompareTest" name="UserCanSearchAuto2" time="6.047"/>
  <testcase classname="tests.AddProductToCompareTest" name="UserCanAddToCompare2" time="0.156"/>
  <testcase classname="tests.AddProductToCompareTest" name="UserCanCompareProducts" time="9.662"/>
</testsuite> <!-- Default test -->
