<?xml version="1.0" encoding="UTF-8"?>
<!-- Generated by org.testng.reporters.JUnitXMLReporter -->
<testsuite ignored="26" hostname="DESKTOP-CMRER5T" failures="0" tests="48" name="Regression Test" time="253.787" errors="0" timestamp="2023-09-09T21:08:35 EET">
  <testcase classname="tests.UserRegistrationTest_UsingFakerlibrary" name="UserCanRegisterSucess" time="14.733"/>
  <testcase classname="tests.UserRegistrationTest_UsingFakerlibrary" name="RestierUserCanlogin" time="7.018"/>
  <testcase classname="tests.UserRegistrationTest_UsingFakerlibrary" name="RegisterUserCanLogout" time="1.593"/>
  <testcase classname="tests.ContactUsPageTest" name="UserCanUseContactUs" time="6.904"/>
  <testcase classname="tests.MyAccountTest" name="UserCanRegisterSucess" time="6.992"/>
  <testcase classname="tests.MyAccountTest" name="RestierUserCanlogin" time="4.595"/>
  <testcase classname="tests.MyAccountTest" name="UserCanChangePasswored" time="8.115"/>
  <testcase classname="tests.MyAccountTest" name="RegisterUserCanLogout" time="2.964"/>
  <testcase classname="tests.EmailFrinedTest" name="UserCanRegisterSucess" time="5.749"/>
  <testcase classname="tests.EmailFrinedTest" name="UserCanSearchAuto" time="9.533"/>
  <testcase classname="tests.EmailFrinedTest" name="RestierUserCanlogin" time="5.102"/>
  <testcase classname="tests.EmailFrinedTest" name="RegisterUserCanSendProductToFirend" time="2.873"/>
  <testcase classname="tests.EmailFrinedTest" name="RegisterUserCanLogout" time="1.393"/>
  <testcase classname="tests.SearchProductTest" name="UserCanSearchProduct" time="4.804"/>
  <testcase classname="tests.ProductHoverMenuTest" name="UserCanSelectSubCategegoryFormMainMenu" time="1.676"/>
  <testcase classname="tests.SearchProductUsingAutoSuggest" name="UserCanSearchAuto" time="4.7"/>
  <testcase classname="tests.AddProductToCompareTest" name="UserCanSearchAuto1" time="4.56"/>
  <testcase classname="tests.AddProductToCompareTest" name="UserCanAddToCompare1" time="2.096"/>
  <testcase classname="tests.AddProductToCompareTest" name="UserCanSearchAuto2" time="6.505"/>
  <testcase classname="tests.AddProductToCompareTest" name="UserCanAddToCompare2" time="0.267"/>
  <testcase classname="tests.AddProductToCompareTest" name="UserCanCompareProducts" time="21.431"/>
  <testcase classname="tests.AddProductToShoppingCartTest" name="UserCanSearchAuto1" time="4.59"/>
  <testcase classname="tests.AddProductToShoppingCartTest" name="UserCanAddToCart" time="2.446"/>
  <testcase classname="tests.AddProductToShoppingCartTest" name="UserCanEditOfQuantityOfProduct" time="2.058"/>
  <testcase classname="tests.AddProductToShoppingCartTest" name="UserCanRemoveProduct" time="1.457"/>
  <testcase classname="tests.AddProductToWishListTest" name="UserCanSearchAuto" time="4.803"/>
  <testcase classname="tests.AddProductToWishListTest" name="UserCanAddProductToWishlist" time="3.997"/>
  <testcase classname="tests.AddProductToWishListTest" name="UserCanRemoveProductFromWishlist" time="1.075"/>
  <testcase classname="tests.AddReviewTest" name="UserCanRegisterSucess" time="5.233"/>
  <testcase classname="tests.AddReviewTest" name="UserCanSearchAuto" time="4.439"/>
  <testcase classname="tests.AddReviewTest" name="RestierUserCanlogin" time="2.993"/>
  <testcase classname="tests.AddReviewTest" name="UserCanAddReview" time="5.136"/>
  <testcase classname="tests.AddReviewTest" name="RegisterUserCanLogout" time="1.748"/>
  <testcase classname="tests.ChangeCurrencyTest" name="UserCanChangeCurrency" time="2.173"/>
  <testcase classname="tests.ChangeCurrencyTest" name="UserCanSearchAuto" time="4.713"/>
  <testcase classname="tests.RegisteredUseCheckoutProductTest" name="UserCanRegisterSucess" time="6.546"/>
  <testcase classname="tests.RegisteredUseCheckoutProductTest" name="RestierUserCanlogin" time="4.65"/>
  <testcase classname="tests.RegisteredUseCheckoutProductTest" name="UserCanSearchAuto" time="4.355"/>
  <testcase classname="tests.RegisteredUseCheckoutProductTest" name="UserCanAddToCart" time="3.057"/>
  <testcase classname="tests.RegisteredUseCheckoutProductTest" name="UserClickCheckout" time="3.358"/>
  <testcase classname="tests.RegisteredUseCheckoutProductTest" name="UserCanCheckout" time="10.567"/>
  <testcase classname="tests.RegisteredUseCheckoutProductTest" name="UserCanConfirmedOrder" time="5.819"/>
  <testcase classname="tests.RegisteredUseCheckoutProductTest" name="RegisterUserCanLogout" time="3.788"/>
  <testcase classname="tests.GuestCheckoutFromCartTest" name="UserCanSearchAuto" time="11.079"/>
  <testcase classname="tests.GuestCheckoutFromCartTest" name="UserCanAddToCart" time="6.502"/>
  <testcase classname="tests.GuestCheckoutFromCartTest" name="UserClickCheckout" time="3.325"/>
  <testcase classname="tests.GuestCheckoutFromCartTest" name="UserCanCheckout" time="10.697"/>
  <testcase classname="tests.GuestCheckoutFromCartTest" name="UserCanConfirmedOrder" time="8.764"/>
  <testcase classname="tests.TestBase" name="@AfterSuite stopdriver" time="0.0">
    <ignored/>
  </testcase> <!-- @AfterSuite stopdriver -->
  <testcase classname="tests.TestBase" name="@BeforeSuite startdriver" time="0.0">
    <ignored/>
  </testcase> <!-- @BeforeSuite startdriver -->
  <testcase classname="tests.TestBase" name="@BeforeSuite startdriver" time="0.0">
    <ignored/>
  </testcase> <!-- @BeforeSuite startdriver -->
  <testcase classname="tests.TestBase" name="@AfterSuite stopdriver" time="0.0">
    <ignored/>
  </testcase> <!-- @AfterSuite stopdriver -->
  <testcase classname="tests.TestBase" name="@BeforeSuite startdriver" time="0.0">
    <ignored/>
  </testcase> <!-- @BeforeSuite startdriver -->
  <testcase classname="tests.TestBase" name="@AfterSuite stopdriver" time="0.0">
    <ignored/>
  </testcase> <!-- @AfterSuite stopdriver -->
  <testcase classname="tests.TestBase" name="@AfterSuite stopdriver" time="0.0">
    <ignored/>
  </testcase> <!-- @AfterSuite stopdriver -->
  <testcase classname="tests.TestBase" name="@BeforeSuite startdriver" time="0.0">
    <ignored/>
  </testcase> <!-- @BeforeSuite startdriver -->
  <testcase classname="tests.TestBase" name="@AfterSuite stopdriver" time="0.0">
    <ignored/>
  </testcase> <!-- @AfterSuite stopdriver -->
  <testcase classname="tests.TestBase" name="@BeforeSuite startdriver" time="0.0">
    <ignored/>
  </testcase> <!-- @BeforeSuite startdriver -->
  <testcase classname="tests.TestBase" name="@AfterSuite stopdriver" time="0.0">
    <ignored/>
  </testcase> <!-- @AfterSuite stopdriver -->
  <testcase classname="tests.TestBase" name="@BeforeSuite startdriver" time="0.0">
    <ignored/>
  </testcase> <!-- @BeforeSuite startdriver -->
  <testcase classname="tests.TestBase" name="@AfterSuite stopdriver" time="0.0">
    <ignored/>
  </testcase> <!-- @AfterSuite stopdriver -->
  <testcase classname="tests.TestBase" name="@BeforeSuite startdriver" time="0.0">
    <ignored/>
  </testcase> <!-- @BeforeSuite startdriver -->
  <testcase classname="tests.TestBase" name="@BeforeSuite startdriver" time="0.0">
    <ignored/>
  </testcase> <!-- @BeforeSuite startdriver -->
  <testcase classname="tests.TestBase" name="@AfterSuite stopdriver" time="0.0">
    <ignored/>
  </testcase> <!-- @AfterSuite stopdriver -->
  <testcase classname="tests.TestBase" name="@AfterSuite stopdriver" time="0.0">
    <ignored/>
  </testcase> <!-- @AfterSuite stopdriver -->
  <testcase classname="tests.TestBase" name="@BeforeSuite startdriver" time="0.0">
    <ignored/>
  </testcase> <!-- @BeforeSuite startdriver -->
  <testcase classname="tests.TestBase" name="@BeforeSuite startdriver" time="0.0">
    <ignored/>
  </testcase> <!-- @BeforeSuite startdriver -->
  <testcase classname="tests.TestBase" name="@BeforeSuite startdriver" time="0.0">
    <ignored/>
  </testcase> <!-- @BeforeSuite startdriver -->
  <testcase classname="tests.TestBase" name="@AfterSuite stopdriver" time="0.0">
    <ignored/>
  </testcase> <!-- @AfterSuite stopdriver -->
  <testcase classname="tests.TestBase" name="@AfterSuite stopdriver" time="0.0">
    <ignored/>
  </testcase> <!-- @AfterSuite stopdriver -->
  <testcase classname="tests.TestBase" name="@AfterSuite stopdriver" time="0.0">
    <ignored/>
  </testcase> <!-- @AfterSuite stopdriver -->
  <testcase classname="tests.TestBase" name="@BeforeSuite startdriver" time="0.0">
    <ignored/>
  </testcase> <!-- @BeforeSuite startdriver -->
  <testcase classname="tests.TestBase" name="@BeforeSuite startdriver" time="0.0">
    <ignored/>
  </testcase> <!-- @BeforeSuite startdriver -->
  <testcase classname="tests.TestBase" name="@AfterSuite stopdriver" time="0.0">
    <ignored/>
  </testcase> <!-- @AfterSuite stopdriver -->
</testsuite> <!-- Regression Test -->
