<?xml version="1.0" encoding="UTF-8"?>
<testng-results ignored="2" total="3" passed="1" failed="0" skipped="0">
  <reporter-output>
  </reporter-output>
  <suite started-at="2023-09-02T09:46:43 EET" name="Surefire suite" finished-at="2023-09-02T09:46:52 EET" duration-ms="9279">
    <groups>
    </groups>
    <test started-at="2023-09-02T09:46:43 EET" name="Surefire test" finished-at="2023-09-02T09:46:52 EET" duration-ms="9279">
      <class name="tests.TestBase">
        <test-method is-config="true" signature="startdriver(java.lang.String)[pri:0, instance:tests.TestBase@236e3f4e]" started-at="2023-09-02T09:46:00 EET" name="startdriver" finished-at="2023-09-02T09:46:43 EET" duration-ms="42637" status="PASS">
          <params>
            <param index="0">
              <value>
                <![CDATA[chrome]]>
              </value>
            </param>
          </params>
          <reporter-output>
          </reporter-output>
        </test-method> <!-- startdriver -->
        <test-method is-config="true" signature="stopdriver()[pri:0, instance:tests.TestBase@236e3f4e]" started-at="2023-09-02T09:46:52 EET" name="stopdriver" finished-at="2023-09-02T09:46:53 EET" duration-ms="714" status="PASS">
          <reporter-output>
          </reporter-output>
        </test-method> <!-- stopdriver -->
      </class> <!-- tests.TestBase -->
      <class name="tests.UserRegistrationTest">
        <test-method signature="UserCanRegisterSucess()[pri:0, instance:tests.UserRegistrationTest@5f683daf]" started-at="2023-09-02T09:46:43 EET" name="UserCanRegisterSucess" finished-at="2023-09-02T09:46:52 EET" duration-ms="8956" status="PASS">
          <reporter-output>
          </reporter-output>
        </test-method> <!-- UserCanRegisterSucess -->
      </class> <!-- tests.UserRegistrationTest -->
    </test> <!-- Surefire test -->
  </suite> <!-- Surefire suite -->
</testng-results>
